<?xml version="1.0" encoding="UTF-8"?>
<!-- Generated by org.testng.reporters.JUnitReportReporter -->
<testsuite hostname="INSWL-5HZZ273" failures="0" tests="1" name="com.logesh.Appium.DragAndDropAction" time="9.099" errors="0" timestamp="2022-08-21T20:07:16 IST" skipped="0">
  <testcase classname="com.logesh.Appium.DragAndDropAction" name="dragAndDrop" time="9.099"/>
  <system-out/>
</testsuite> <!-- com.logesh.Appium.DragAndDropAction -->
