<?xml version="1.0" encoding="UTF-8"?>
<!-- Generated by org.testng.reporters.JUnitReportReporter -->
<testsuite hostname="INSWL-5HZZ273" failures="0" tests="1" name="com.logesh.Appium.ScrollAction" time="75.352" errors="0" timestamp="2022-08-21T10:09:46 IST" skipped="0">
  <testcase classname="com.logesh.Appium.ScrollAction" name="scrollAction" time="75.352"/>
  <system-out/>
</testsuite> <!-- com.logesh.Appium.ScrollAction -->
