<?xml version="1.0" encoding="UTF-8"?>
<!-- Generated by org.testng.reporters.JUnitReportReporter -->
<testsuite hostname="INSWL-5HZZ273" failures="0" tests="1" name="com.logesh.Appium.MiscellaneousAction" time="15.110" errors="0" timestamp="2022-08-21T19:22:56 IST" skipped="0">
  <testcase classname="com.logesh.Appium.MiscellaneousAction" name="miscellaneousAction" time="15.110"/>
  <system-out/>
</testsuite> <!-- com.logesh.Appium.MiscellaneousAction -->
