<?xml version="1.0" encoding="UTF-8"?>
<!-- Generated by org.testng.reporters.JUnitReportReporter -->
<testsuite hostname="INSWL-5HZZ273" failures="0" tests="1" name="com.logesh.Appium.AppiumBasics" time="12.415" errors="0" timestamp="2022-08-20T21:56:08 IST" skipped="0">
  <testcase classname="com.logesh.Appium.AppiumBasics" name="AppiumTest" time="12.415"/>
  <system-out/>
</testsuite> <!-- com.logesh.Appium.AppiumBasics -->
