<?xml version="1.0" encoding="UTF-8"?>
<!-- Generated by org.testng.reporters.JUnitReportReporter -->
<testsuite hostname="INSWL-5HZZ273" failures="0" tests="1" name="com.logesh.Appium.SwipeAction" time="8.147" errors="0" timestamp="2022-08-21T11:47:45 IST" skipped="0">
  <testcase classname="com.logesh.Appium.SwipeAction" name="swipeAction" time="8.147"/>
  <system-out/>
</testsuite> <!-- com.logesh.Appium.SwipeAction -->
